<?xml version="1.0" encoding="utf-8"?><testsuites name="pytest tests"><testsuite name="pytest" errors="0" failures="0" skipped="0" tests="26" time="8.312" timestamp="2026-06-19T13:49:15.928729+00:00" hostname="agent-env-91a4a6d4-9355-4e5a-aff9-fd12114f0c40"><testcase classname="backend.tests.test_backend.TestAuth" name="test_login_invalid_password" time="0.467" /><testcase classname="backend.tests.test_backend.TestAuth" name="test_auth_me" time="0.310" /><testcase classname="backend.tests.test_backend.TestAuth" name="test_auth_me_no_token" time="0.126" /><testcase classname="backend.tests.test_backend.TestIntegrationsHealth" name="test_health_keys_present" time="1.254" /><testcase classname="backend.tests.test_backend.TestIntegrationsHealth" name="test_health_meta_alerts_present" time="1.125" /><testcase classname="backend.tests.test_backend.TestIntegrationsHealth" name="test_health_slack_alerts_off_by_default" time="1.096" /><testcase classname="backend.tests.test_backend.TestCanva" name="test_canva_status_initial" time="0.089" /><testcase classname="backend.tests.test_backend.TestCanva" name="test_canva_connect_authorize_url" time="0.046" /><testcase classname="backend.tests.test_backend.TestCanva" name="test_canva_templates_unauth_returns_401" time="0.108" /><testcase classname="backend.tests.test_backend.TestCanva" name="test_canva_disconnect_clears_status" time="0.089" /><testcase classname="backend.tests.test_backend.TestPostproxy" name="test_postproxy_diagnose" time="0.616" /><testcase classname="backend.tests.test_backend.TestPostproxy" name="test_agents_postproxy_publish_signature" time="0.000" /><testcase classname="backend.tests.test_backend.TestMailerSend" name="test_notifications_test_no_crash" time="0.043" /><testcase classname="backend.tests.test_backend.TestMailerSend" name="test_scheduler_uses_mailersend" time="0.000" /><testcase classname="backend.tests.test_backend.TestSlackAlerts" name="test_scheduler_dedupe_and_health_fn_wired" time="0.000" /><testcase classname="backend.tests.test_backend.TestSlackAlerts" name="test_server_passes_health_fn_to_scheduler" time="0.000" /><testcase classname="backend.tests.test_backend.TestSlackAlerts" name="test_health_flip_detection_logic" time="2.260" /><testcase classname="backend.tests.test_backend.TestRegression" name="test_get_endpoints_200[/api/brand]" time="0.045" /><testcase classname="backend.tests.test_backend.TestRegression" name="test_get_endpoints_200[/api/competitors]" time="0.046" /><testcase classname="backend.tests.test_backend.TestRegression" name="test_get_endpoints_200[/api/competitor-content]" time="0.043" /><testcase classname="backend.tests.test_backend.TestRegression" name="test_get_endpoints_200[/api/hook-patterns]" time="0.043" /><testcase classname="backend.tests.test_backend.TestRegression" name="test_get_endpoints_200[/api/calendar]" time="0.044" /><testcase classname="backend.tests.test_backend.TestRegression" name="test_get_endpoints_200[/api/posts]" time="0.047" /><testcase classname="backend.tests.test_backend.TestRegression" name="test_get_endpoints_200[/api/insights]" time="0.047" /><testcase classname="backend.tests.test_backend.TestRegression" name="test_get_endpoints_200[/api/audit-log]" time="0.043" /><testcase classname="backend.tests.test_backend.TestRegression" name="test_canva_router_mounted" time="0.130" /></testsuite></testsuites>