<?xml version="1.0" encoding="utf-8"?><testsuites name="pytest tests"><testsuite name="pytest" errors="0" failures="0" skipped="0" tests="45" time="12.377" timestamp="2026-06-19T19:13:13.133126+00:00" hostname="agent-env-91a4a6d4-9355-4e5a-aff9-fd12114f0c40"><testcase classname="backend.tests.test_backend.TestAuth" name="test_login_invalid_password" time="0.439" /><testcase classname="backend.tests.test_backend.TestAuth" name="test_auth_me" time="0.346" /><testcase classname="backend.tests.test_backend.TestAuth" name="test_auth_me_no_token" time="0.134" /><testcase classname="backend.tests.test_backend.TestIntegrationsHealth" name="test_health_keys_present" time="1.652" /><testcase classname="backend.tests.test_backend.TestIntegrationsHealth" name="test_health_meta_alerts_present" time="1.438" /><testcase classname="backend.tests.test_backend.TestIntegrationsHealth" name="test_health_slack_alerts_off_by_default" time="1.422" /><testcase classname="backend.tests.test_backend.TestCanva" name="test_canva_status_initial" time="0.130" /><testcase classname="backend.tests.test_backend.TestCanva" name="test_canva_connect_authorize_url" time="0.046" /><testcase classname="backend.tests.test_backend.TestCanva" name="test_canva_templates_unauth_returns_401" time="0.087" /><testcase classname="backend.tests.test_backend.TestCanva" name="test_canva_disconnect_clears_status" time="0.090" /><testcase classname="backend.tests.test_backend.TestPostproxy" name="test_postproxy_diagnose" time="0.575" /><testcase classname="backend.tests.test_backend.TestPostproxy" name="test_agents_postproxy_publish_signature" time="0.000" /><testcase classname="backend.tests.test_backend.TestMailerSend" name="test_notifications_test_no_crash" time="0.321" /><testcase classname="backend.tests.test_backend.TestMailerSend" name="test_scheduler_uses_mailersend" time="0.000" /><testcase classname="backend.tests.test_backend.TestSlackAlerts" name="test_scheduler_dedupe_and_health_fn_wired" time="0.000" /><testcase classname="backend.tests.test_backend.TestSlackAlerts" name="test_server_passes_health_fn_to_scheduler" time="0.000" /><testcase classname="backend.tests.test_backend.TestSlackAlerts" name="test_health_flip_detection_logic" time="2.896" /><testcase classname="backend.tests.test_backend.TestCanvaCreatePost" name="test_create_post_missing_body_returns_422" time="0.044" /><testcase classname="backend.tests.test_backend.TestCanvaCreatePost" name="test_create_post_missing_required_fields_returns_422" time="0.044" /><testcase classname="backend.tests.test_backend.TestCanvaCreatePost" name="test_create_post_slot_not_found_returns_404" time="0.086" /><testcase classname="backend.tests.test_backend.TestCanvaCreatePost" name="test_create_post_valid_slot_no_canva_returns_401" time="0.168" /><testcase classname="backend.tests.test_backend.TestIteration3StaticChecks" name="test_postproxy_publish_uses_profiles_array" time="0.001" /><testcase classname="backend.tests.test_backend.TestIteration3StaticChecks" name="test_create_post_req_model_module_level" time="0.000" /><testcase classname="backend.tests.test_backend.TestIteration3StaticChecks" name="test_create_post_route_registered" time="0.000" /><testcase classname="backend.tests.test_backend.TestRegression" name="test_get_endpoints_200[/api/brand]" time="0.043" /><testcase classname="backend.tests.test_backend.TestRegression" name="test_get_endpoints_200[/api/competitors]" time="0.046" /><testcase classname="backend.tests.test_backend.TestRegression" name="test_get_endpoints_200[/api/competitor-content]" time="0.056" /><testcase classname="backend.tests.test_backend.TestRegression" name="test_get_endpoints_200[/api/hook-patterns]" time="0.052" /><testcase classname="backend.tests.test_backend.TestRegression" name="test_get_endpoints_200[/api/calendar]" time="0.047" /><testcase classname="backend.tests.test_backend.TestRegression" name="test_get_endpoints_200[/api/posts]" time="0.044" /><testcase classname="backend.tests.test_backend.TestRegression" name="test_get_endpoints_200[/api/insights]" time="0.045" /><testcase classname="backend.tests.test_backend.TestRegression" name="test_get_endpoints_200[/api/audit-log]" time="0.041" /><testcase classname="backend.tests.test_backend.TestRegression" name="test_canva_router_mounted" time="0.150" /><testcase classname="backend.tests.test_backend.TestIteration4ExportPng" name="test_export_design_png_helper_exists" time="0.000" /><testcase classname="backend.tests.test_backend.TestIteration4ExportPng" name="test_export_design_png_posts_to_exports_endpoint" time="0.000" /><testcase classname="backend.tests.test_backend.TestIteration4ExportPng" name="test_export_design_png_polls_and_downloads" time="0.000" /><testcase classname="backend.tests.test_backend.TestIteration4ExportPng" name="test_create_post_uses_export_with_thumbnail_fallback" time="0.000" /><testcase classname="backend.tests.test_backend.TestIteration4ExportPng" name="test_calendar_page_clickable_slots_and_picker" time="0.000" /><testcase classname="backend.tests.test_backend.TestIteration4ExportPng" name="test_canva_picker_preselects_single_slot" time="0.000" /><testcase classname="backend.tests.test_backend.TestIteration4CreatePostRegression" name="test_create_post_invalid_slot_still_404" time="0.087" /><testcase classname="backend.tests.test_backend.TestIteration4CreatePostRegression" name="test_create_post_valid_slot_no_canva_still_401" time="0.164" /><testcase classname="backend.tests.test_backend.TestIteration4CreatePostRegression" name="test_canva_status_shape" time="0.048" /><testcase classname="backend.tests.test_backend.TestIteration4CreatePostRegression" name="test_canva_connect_returns_authorize_url" time="0.042" /><testcase classname="backend.tests.test_backend.TestIteration4CreatePostRegression" name="test_canva_templates_401_when_disconnected" time="0.089" /><testcase classname="backend.tests.test_backend.TestIteration4CreatePostRegression" name="test_integrations_health_still_complete" time="1.422" /></testsuite></testsuites>