<?xml version="1.0" encoding="utf-8"?><testsuites name="pytest tests"><testsuite name="pytest" errors="0" failures="0" skipped="0" tests="86" time="23.608" timestamp="2026-06-20T07:54:25.767884+00:00" hostname="agent-env-91a4a6d4-9355-4e5a-aff9-fd12114f0c40"><testcase classname="backend.tests.test_backend.TestAuth" name="test_login_invalid_password" time="0.337" /><testcase classname="backend.tests.test_backend.TestAuth" name="test_auth_me" time="0.343" /><testcase classname="backend.tests.test_backend.TestAuth" name="test_auth_me_no_token" time="0.088" /><testcase classname="backend.tests.test_backend.TestIntegrationsHealth" name="test_health_keys_present" time="1.636" /><testcase classname="backend.tests.test_backend.TestIntegrationsHealth" name="test_health_meta_alerts_present" time="1.255" /><testcase classname="backend.tests.test_backend.TestIntegrationsHealth" name="test_health_slack_alerts_off_by_default" time="1.197" /><testcase classname="backend.tests.test_backend.TestCanva" name="test_canva_status_initial" time="0.162" /><testcase classname="backend.tests.test_backend.TestCanva" name="test_canva_connect_authorize_url" time="0.041" /><testcase classname="backend.tests.test_backend.TestCanva" name="test_canva_templates_unauth_returns_401" time="0.082" /><testcase classname="backend.tests.test_backend.TestCanva" name="test_canva_disconnect_clears_status" time="0.161" /><testcase classname="backend.tests.test_backend.TestPostproxy" name="test_postproxy_diagnose" time="0.919" /><testcase classname="backend.tests.test_backend.TestPostproxy" name="test_agents_postproxy_publish_signature" time="0.001" /><testcase classname="backend.tests.test_backend.TestMailerSend" name="test_notifications_test_no_crash" time="0.334" /><testcase classname="backend.tests.test_backend.TestMailerSend" name="test_scheduler_uses_mailersend" time="0.000" /><testcase classname="backend.tests.test_backend.TestSlackAlerts" name="test_scheduler_dedupe_and_health_fn_wired" time="0.000" /><testcase classname="backend.tests.test_backend.TestSlackAlerts" name="test_server_passes_health_fn_to_scheduler" time="0.000" /><testcase classname="backend.tests.test_backend.TestSlackAlerts" name="test_health_flip_detection_logic" time="2.427" /><testcase classname="backend.tests.test_backend.TestCanvaCreatePost" name="test_create_post_missing_body_returns_422" time="0.040" /><testcase classname="backend.tests.test_backend.TestCanvaCreatePost" name="test_create_post_missing_required_fields_returns_422" time="0.080" /><testcase classname="backend.tests.test_backend.TestCanvaCreatePost" name="test_create_post_slot_not_found_returns_404" time="0.088" /><testcase classname="backend.tests.test_backend.TestCanvaCreatePost" name="test_create_post_valid_slot_no_canva_returns_401" time="0.207" /><testcase classname="backend.tests.test_backend.TestIteration3StaticChecks" name="test_postproxy_publish_uses_profiles_array" time="0.001" /><testcase classname="backend.tests.test_backend.TestIteration3StaticChecks" name="test_create_post_req_model_module_level" time="0.000" /><testcase classname="backend.tests.test_backend.TestIteration3StaticChecks" name="test_create_post_route_registered" time="0.000" /><testcase classname="backend.tests.test_backend.TestRegression" name="test_get_endpoints_200[/api/brand]" time="0.039" /><testcase classname="backend.tests.test_backend.TestRegression" name="test_get_endpoints_200[/api/competitors]" time="0.040" /><testcase classname="backend.tests.test_backend.TestRegression" name="test_get_endpoints_200[/api/competitor-content]" time="0.043" /><testcase classname="backend.tests.test_backend.TestRegression" name="test_get_endpoints_200[/api/hook-patterns]" time="0.063" /><testcase classname="backend.tests.test_backend.TestRegression" name="test_get_endpoints_200[/api/calendar]" time="0.042" /><testcase classname="backend.tests.test_backend.TestRegression" name="test_get_endpoints_200[/api/posts]" time="0.042" /><testcase classname="backend.tests.test_backend.TestRegression" name="test_get_endpoints_200[/api/insights]" time="0.051" /><testcase classname="backend.tests.test_backend.TestRegression" name="test_get_endpoints_200[/api/audit-log]" time="0.047" /><testcase classname="backend.tests.test_backend.TestRegression" name="test_canva_router_mounted" time="0.116" /><testcase classname="backend.tests.test_backend.TestIteration4ExportPng" name="test_export_design_png_helper_exists" time="0.000" /><testcase classname="backend.tests.test_backend.TestIteration4ExportPng" name="test_export_design_png_posts_to_exports_endpoint" time="0.000" /><testcase classname="backend.tests.test_backend.TestIteration4ExportPng" name="test_export_design_png_polls_and_downloads" time="0.000" /><testcase classname="backend.tests.test_backend.TestIteration4ExportPng" name="test_create_post_uses_export_with_thumbnail_fallback" time="0.000" /><testcase classname="backend.tests.test_backend.TestIteration4ExportPng" name="test_calendar_page_clickable_slots_and_picker" time="0.000" /><testcase classname="backend.tests.test_backend.TestIteration4ExportPng" name="test_canva_picker_preselects_single_slot" time="0.000" /><testcase classname="backend.tests.test_backend.TestIteration4CreatePostRegression" name="test_create_post_invalid_slot_still_404" time="0.088" /><testcase classname="backend.tests.test_backend.TestIteration4CreatePostRegression" name="test_create_post_valid_slot_no_canva_still_401" time="0.172" /><testcase classname="backend.tests.test_backend.TestIteration4CreatePostRegression" name="test_canva_status_shape" time="0.080" /><testcase classname="backend.tests.test_backend.TestIteration4CreatePostRegression" name="test_canva_connect_returns_authorize_url" time="0.041" /><testcase classname="backend.tests.test_backend.TestIteration4CreatePostRegression" name="test_canva_templates_401_when_disconnected" time="0.121" /><testcase classname="backend.tests.test_backend.TestIteration4CreatePostRegression" name="test_integrations_health_still_complete" time="1.198" /><testcase classname="backend.tests.test_iteration5.TestUploadsStatic" name="test_api_uploads_serves_png" time="0.180" /><testcase classname="backend.tests.test_iteration5.TestShopifyHealth" name="test_shopify_green" time="1.616" /><testcase classname="backend.tests.test_iteration5.TestCanvaCallback" name="test_no_params_redirects_missing" time="0.093" /><testcase classname="backend.tests.test_iteration5.TestCanvaCallback" name="test_canva_error_redirects" time="0.097" /><testcase classname="backend.tests.test_iteration5.TestCanvaCallback" name="test_invalid_state_redirects" time="0.094" /><testcase classname="backend.tests.test_iteration5.TestCanvaDebug" name="test_debug_schema" time="0.043" /><testcase classname="backend.tests.test_iteration5.TestCanvaDebug" name="test_debug_logs_callbacks" time="0.775" /><testcase classname="backend.tests.test_iteration5.TestCanvaRegression" name="test_status" time="0.042" /><testcase classname="backend.tests.test_iteration5.TestCanvaRegression" name="test_connect_dynamic_state_and_challenge" time="0.082" /><testcase classname="backend.tests.test_iteration5.TestCanvaRegression" name="test_templates_401_no_token" time="0.124" /><testcase classname="backend.tests.test_iteration5.TestCanvaRegression" name="test_autofill_401_no_token" time="0.163" /><testcase classname="backend.tests.test_iteration5.TestCanvaRegression" name="test_create_post_404_for_bogus_slot" time="0.081" /><testcase classname="backend.tests.test_iteration5.TestCanvaRegression" name="test_disconnect" time="0.039" /><testcase classname="backend.tests.test_iteration5.TestGeneralRegression" name="test_login_works" time="0.363" /><testcase classname="backend.tests.test_iteration5.TestGeneralRegression" name="test_integrations_health_keys" time="1.488" /><testcase classname="backend.tests.test_iteration5.TestGeneralRegression" name="test_get_endpoints[/api/posts]" time="0.044" /><testcase classname="backend.tests.test_iteration5.TestGeneralRegression" name="test_get_endpoints[/api/calendar]" time="0.042" /><testcase classname="backend.tests.test_iteration5.TestGeneralRegression" name="test_get_endpoints[/api/brand]" time="0.043" /><testcase classname="backend.tests.test_iteration5.TestGeneralRegression" name="test_get_endpoints[/api/competitors]" time="0.043" /><testcase classname="backend.tests.test_iteration5.TestGeneralRegression" name="test_get_endpoints[/api/insights]" time="0.041" /><testcase classname="backend.tests.test_iteration5.TestShopifyProducts" name="test_fetch_shopify_products_real" time="1.985" /><testcase classname="backend.tests.test_iteration5.TestShopifyProducts" name="test_static_signature" time="0.001" /><testcase classname="backend.tests.test_iteration6.TestScoreMatch" name="test_overlap_returns_positive_for_shared_word" time="0.244" /><testcase classname="backend.tests.test_iteration6.TestScoreMatch" name="test_gifting_vs_gift_no_stemming_documents_actual_behavior" time="0.000" /><testcase classname="backend.tests.test_iteration6.TestScoreMatch" name="test_overlap_beats_unrelated" time="0.000" /><testcase classname="backend.tests.test_iteration6.TestScoreMatch" name="test_stop_words_ignored_via_t_minus_stop" time="0.000" /><testcase classname="backend.tests.test_iteration6.TestScoreMatch" name="test_lowercase_punctuation_strip" time="0.000" /><testcase classname="backend.tests.test_iteration6.TestBestProduct" name="test_fallback_random_in_stock_when_no_overlap" time="0.001" /><testcase classname="backend.tests.test_iteration6.TestBestProduct" name="test_picks_best_when_overlap" time="0.000" /><testcase classname="backend.tests.test_iteration6.TestAuth" name="test_no_token_401" time="0.116" /><testcase classname="backend.tests.test_iteration6.TestDryRunPending" name="test_dry_run_pending_shape_and_no_writes" time="0.644" /><testcase classname="backend.tests.test_iteration6.TestScopeAll" name="test_scope_all_returns_more_or_equal_than_pending" time="0.489" /><testcase classname="backend.tests.test_iteration6.TestScopeSelected" name="test_selected_nonexistent_returns_zero" time="0.238" /><testcase classname="backend.tests.test_iteration6.TestScopeSelected" name="test_selected_without_post_ids_returns_all" time="0.488" /><testcase classname="backend.tests.test_iteration6.TestLiveCommit" name="test_commit_writes_and_restore" time="0.403" /><testcase classname="backend.tests.test_iteration6.TestRegression" name="test_integrations_health" time="1.283" /><testcase classname="backend.tests.test_iteration6.TestRegression" name="test_posts_list" time="0.042" /><testcase classname="backend.tests.test_iteration6.TestRegression" name="test_calendar" time="0.044" /><testcase classname="backend.tests.test_iteration6.TestRegression" name="test_canva_callback_still_307_no_422" time="0.089" /><testcase classname="backend.tests.test_iteration6.TestRegression" name="test_canva_status" time="0.094" /><testcase classname="backend.tests.test_iteration6.TestRegression" name="test_shopify_products_endpoint" time="0.238" /></testsuite></testsuites>